<?xml version="1.0" encoding="UTF-8"?>
<!-- Generated by org.testng.reporters.JUnitReportReporter -->
<testsuite hostname="Aaron-Laptop" name="test.testCalculator" tests="8" failures="0" timestamp="5 Jan 2016 15:16:08 GMT" time="0.066" errors="0">
  <testcase name="testMult" time="0.006" classname="test.testCalculator"/>
  <testcase name="testAdd" time="0.033" classname="test.testCalculator"/>
  <testcase name="testSub" time="0.006" classname="test.testCalculator"/>
  <testcase name="testHist" time="0.004" classname="test.testCalculator"/>
  <testcase name="testClear" time="0.004" classname="test.testCalculator"/>
  <testcase name="testReuse" time="0.006" classname="test.testCalculator"/>
  <testcase name="testDiv" time="0.006" classname="test.testCalculator"/>
  <testcase name="testWumbo" time="0.001" classname="test.testCalculator"/>
</testsuite> <!-- test.testCalculator -->
