<?xml version="1.0" encoding="UTF-8"?>
<!-- Generated by org.testng.reporters.JUnitReportReporter -->
<testsuite hostname="DESKTOP-KVG2VO9" name="test.testCalculator" tests="10" failures="0" timestamp="5 Jan 2016 23:19:56 GMT" time="0.184" errors="0">
  <testcase name="testClear" time="0.003" classname="test.testCalculator"/>
  <testcase name="testHist" time="0.006" classname="test.testCalculator"/>
  <testcase name="testSub" time="0.013" classname="test.testCalculator"/>
  <testcase name="testDiv" time="0.014" classname="test.testCalculator"/>
  <testcase name="testMult" time="0.010" classname="test.testCalculator"/>
  <testcase name="testWumbo" time="0.004" classname="test.testCalculator"/>
  <testcase name="testReuse" time="0.006" classname="test.testCalculator"/>
  <testcase name="testAdd" time="0.058" classname="test.testCalculator"/>
  <testcase name="testGetUserInput" time="0.067" classname="test.testCalculator"/>
  <testcase name="testZeroDivide" time="0.003" classname="test.testCalculator"/>
</testsuite> <!-- test.testCalculator -->
