<?xml version="1.0" encoding="UTF-8"?>
<!-- Generated by org.testng.reporters.JUnitReportReporter -->
<testsuite hostname="DESKTOP-KVG2VO9" name="test.testCalculator" tests="8" failures="0" timestamp="3 Jan 2016 21:28:47 GMT" time="0.035" errors="0">
  <testcase name="testReuse" time="0.003" classname="test.testCalculator"/>
  <testcase name="testClear" time="0.001" classname="test.testCalculator"/>
  <testcase name="testWumbo" time="0.001" classname="test.testCalculator"/>
  <testcase name="testHist" time="0.002" classname="test.testCalculator"/>
  <testcase name="testDiv" time="0.005" classname="test.testCalculator"/>
  <testcase name="testAdd" time="0.019" classname="test.testCalculator"/>
  <testcase name="testMult" time="0.002" classname="test.testCalculator"/>
  <testcase name="testSub" time="0.002" classname="test.testCalculator"/>
</testsuite> <!-- test.testCalculator -->
